<?xml version="1.0" encoding="UTF-8"?>
<!-- Generated by org.testng.reporters.JUnitXMLReporter -->
<testsuite ignored="2" hostname="seema" failures="0" tests="2" name="chrome" time="0.063" errors="0" timestamp="2023-03-15T16:28:11 IST">
  <testcase classname="testPackage.BaseClass" name="@BeforeTest beforeTest" time="-1.678877891469E9">
    <failure type="org.testng.TestNGException" message="
Parameter &amp;apos;browser&amp;apos; is required by BeforeTest on method beforeTest but has not been marked @Optional or defined
in C:\Users\paras\eclipse-workspace\orangeHRM\testng.xml">
      <![CDATA[org.testng.TestNGException: 
Parameter 'browser' is required by BeforeTest on method beforeTest but has not been marked @Optional or defined
in C:\Users\paras\eclipse-workspace\orangeHRM\testng.xml
... Removed 21 stack frames]]>
    </failure>
  </testcase> <!-- @BeforeTest beforeTest -->
  <testcase classname="testPackage.LoginTestclass" name="@BeforeMethod beforeMethod" time="-1.678877891502E9">
    <skipped/>
  </testcase> <!-- @BeforeMethod beforeMethod -->
  <testcase classname="testPackage.BaseClass" name="@AfterMethod afterMethod" time="-1.678877891512E9">
    <skipped/>
  </testcase> <!-- @AfterMethod afterMethod -->
  <testcase classname="testPackage.LoginTestclass" name="@BeforeMethod beforeMethod" time="-1.678877891515E9">
    <skipped/>
  </testcase> <!-- @BeforeMethod beforeMethod -->
  <testcase classname="testPackage.BaseClass" name="@AfterMethod afterMethod" time="-1.678877891522E9">
    <skipped/>
  </testcase> <!-- @AfterMethod afterMethod -->
  <testcase classname="testPackage.BaseClass" name="@AfterTest aftertest" time="-1.678877891526E9">
    <skipped/>
  </testcase> <!-- @AfterTest aftertest -->
  <testcase classname="testPackage.LoginTestclass" name="VerifyLoginFunctionalityWithIncorrectData" time="0.0">
    <skipped/>
  </testcase> <!-- VerifyLoginFunctionalityWithIncorrectData -->
  <testcase classname="testPackage.LoginTestclass" name="verifyLoginFunctionalityWithCorrectData" time="0.0">
    <skipped/>
  </testcase> <!-- verifyLoginFunctionalityWithCorrectData -->
  <testcase classname="testPackage.BaseClass" name="@BeforeTest beforeTest" time="0.0">
    <ignored/>
  </testcase> <!-- @BeforeTest beforeTest -->
  <testcase classname="testPackage.BaseClass" name="@AfterTest aftertest" time="0.0">
    <ignored/>
  </testcase> <!-- @AfterTest aftertest -->
</testsuite> <!-- chrome -->
