<?xml version="1.0" encoding="UTF-8"?>
<!-- Generated by org.testng.reporters.JUnitXMLReporter -->
<testsuite ignored="0" hostname="seema" failures="1" tests="2" name="Test(failed)" time="11.499" errors="0" timestamp="2023-03-17T10:31:37 IST">
  <testcase classname="testPackage.BaseClass" name="@AfterMethod afterMethod" time="0.153">
    <failure type="java.io.FileNotFoundException" message="C:\Users\paras\eclipse-workspace\orangeHRM\test-output\Screenshots\1679029297304.png (The system cannot find the path specified)">
      <![CDATA[java.io.FileNotFoundException: C:\Users\paras\eclipse-workspace\orangeHRM\test-output\Screenshots\1679029297304.png (The system cannot find the path specified)
at java.base/java.io.FileOutputStream.open0(Native Method)
at java.base/java.io.FileOutputStream.open(FileOutputStream.java:295)
at java.base/java.io.FileOutputStream.<init>(FileOutputStream.java:236)
at java.base/java.io.FileOutputStream.<init>(FileOutputStream.java:185)
at org.openqa.selenium.io.FileHandler.copyFile(FileHandler.java:136)
at org.openqa.selenium.io.FileHandler.copy(FileHandler.java:115)
at testUtility.Screenshot.capturePageScreenshot(Screenshot.java:19)
at testPackage.BaseClass.afterMethod(BaseClass.java:43)
at java.base/java.util.ArrayList.forEach(ArrayList.java:1511)
... Removed 30 stack frames]]>
    </failure>
  </testcase> <!-- @AfterMethod afterMethod -->
  <testcase classname="testPackage.LoginTestclass" name="@BeforeMethod beforeMethod" time="-1.679029297457E9">
    <skipped/>
  </testcase> <!-- @BeforeMethod beforeMethod -->
  <testcase classname="testPackage.BaseClass" name="@AfterMethod afterMethod" time="-1.679029297466E9">
    <skipped/>
  </testcase> <!-- @AfterMethod afterMethod -->
  <testcase classname="testPackage.BaseClass" name="@AfterTest aftertest" time="-1.679029297474E9">
    <skipped/>
  </testcase> <!-- @AfterTest aftertest -->
  <testcase classname="testPackage.LoginTestclass" name="VerifyLoginFunctionalityWithIncorrectData" time="2.016">
    <failure type="java.lang.AssertionError" message="null">
      <![CDATA[java.lang.AssertionError: null
at testPackage.LoginTestclass.VerifyLoginFunctionalityWithIncorrectData(LoginTestclass.java:53)
at java.base/java.util.ArrayList.forEach(ArrayList.java:1511)
... Removed 27 stack frames]]>
    </failure>
  </testcase> <!-- VerifyLoginFunctionalityWithIncorrectData -->
  <testcase classname="testPackage.LoginTestclass" name="verifyLoginFunctionalityWithCorrectData" time="0.0">
    <skipped/>
  </testcase> <!-- verifyLoginFunctionalityWithCorrectData -->
</testsuite> <!-- Test(failed) -->
